-------------------------------------------------------------------------------
Test set: test.Test
-------------------------------------------------------------------------------
Tests run: 5, Failures: 1, Errors: 1, Skipped: 2, Time elapsed: 0.027 sec <<< FAILURE! - in test.Test
testFailure(test.Test)  Time elapsed: 0.012 sec  <<< FAILURE!
java.lang.AssertionError: Fail
	at org.junit.Assert.fail(Assert.java:88)
	at test.Test.testFailure(Test.java:25)

testError(test.Test)  Time elapsed: 0.001 sec  <<< ERROR!
java.lang.NullPointerException: null
	at test.Test.testError(Test.java:31)

